{"/home/runner/work/Landseek-Amphibian/Landseek-Amphibian/bridge/mcp_servers/calendar_adapter.js": {"path":"/home/runner/work/Landseek-Amphibian/Landseek-Amphibian/bridge/mcp_servers/calendar_adapter.js","statementMap":{"0":{"start":{"line":16,"column":19},"end":{"line":16,"column":71}},"1":{"start":{"line":20,"column":4},"end":{"line":20,"column":49}},"2":{"start":{"line":23,"column":23},"end":{"line":177,"column":1}},"3":{"start":{"line":181,"column":8},"end":{"line":181,"column":69}},"4":{"start":{"line":182,"column":8},"end":{"line":192,"column":10}},"5":{"start":{"line":194,"column":8},"end":{"line":194,"column":29}},"6":{"start":{"line":195,"column":8},"end":{"line":195,"column":95}},"7":{"start":{"line":199,"column":22},"end":{"line":288,"column":5}},"8":{"start":{"line":200,"column":8},"end":{"line":200,"column":67}},"9":{"start":{"line":203,"column":8},"end":{"line":287,"column":9}},"10":{"start":{"line":206,"column":16},"end":{"line":219,"column":18}},"11":{"start":{"line":222,"column":16},"end":{"line":230,"column":18}},"12":{"start":{"line":233,"column":16},"end":{"line":241,"column":18}},"13":{"start":{"line":244,"column":16},"end":{"line":248,"column":18}},"14":{"start":{"line":251,"column":16},"end":{"line":256,"column":18}},"15":{"start":{"line":259,"column":16},"end":{"line":268,"column":18}},"16":{"start":{"line":271,"column":16},"end":{"line":278,"column":18}},"17":{"start":{"line":281,"column":16},"end":{"line":286,"column":18}},"18":{"start":{"line":292,"column":8},"end":{"line":294,"column":11}},"19":{"start":{"line":293,"column":12},"end":{"line":293,"column":45}},"20":{"start":{"line":297,"column":8},"end":{"line":328,"column":11}},"21":{"start":{"line":298,"column":46},"end":{"line":298,"column":60}},"22":{"start":{"line":300,"column":12},"end":{"line":300,"column":69}},"23":{"start":{"line":302,"column":12},"end":{"line":327,"column":13}},"24":{"start":{"line":304,"column":32},"end":{"line":304,"column":73}},"25":{"start":{"line":304,"column":57},"end":{"line":304,"column":72}},"26":{"start":{"line":305,"column":16},"end":{"line":307,"column":17}},"27":{"start":{"line":306,"column":20},"end":{"line":306,"column":70}},"28":{"start":{"line":310,"column":31},"end":{"line":310,"column":74}},"29":{"start":{"line":312,"column":16},"end":{"line":317,"column":18}},"30":{"start":{"line":319,"column":16},"end":{"line":319,"column":81}},"31":{"start":{"line":320,"column":16},"end":{"line":326,"column":18}},"32":{"start":{"line":332,"column":8},"end":{"line":332,"column":45}},"33":{"start":{"line":336,"column":8},"end":{"line":336,"column":30}},"34":{"start":{"line":340,"column":0},"end":{"line":340,"column":35}}},"fnMap":{"0":{"name":"(anonymous_0)","decl":{"start":{"line":180,"column":4},"end":{"line":180,"column":5}},"loc":{"start":{"line":180,"column":32},"end":{"line":196,"column":5}},"line":180},"1":{"name":"(anonymous_1)","decl":{"start":{"line":199,"column":22},"end":{"line":199,"column":23}},"loc":{"start":{"line":199,"column":44},"end":{"line":288,"column":5}},"line":199},"2":{"name":"(anonymous_2)","decl":{"start":{"line":290,"column":4},"end":{"line":290,"column":5}},"loc":{"start":{"line":290,"column":20},"end":{"line":329,"column":5}},"line":290},"3":{"name":"(anonymous_3)","decl":{"start":{"line":292,"column":62},"end":{"line":292,"column":63}},"loc":{"start":{"line":292,"column":74},"end":{"line":294,"column":9}},"line":292},"4":{"name":"(anonymous_4)","decl":{"start":{"line":297,"column":61},"end":{"line":297,"column":62}},"loc":{"start":{"line":297,"column":80},"end":{"line":328,"column":9}},"line":297},"5":{"name":"(anonymous_5)","decl":{"start":{"line":304,"column":52},"end":{"line":304,"column":53}},"loc":{"start":{"line":304,"column":57},"end":{"line":304,"column":72}},"line":304},"6":{"name":"(anonymous_6)","decl":{"start":{"line":331,"column":4},"end":{"line":331,"column":5}},"loc":{"start":{"line":331,"column":29},"end":{"line":333,"column":5}},"line":331},"7":{"name":"(anonymous_7)","decl":{"start":{"line":335,"column":4},"end":{"line":335,"column":5}},"loc":{"start":{"line":335,"column":15},"end":{"line":337,"column":5}},"line":335}},"branchMap":{"0":{"loc":{"start":{"line":181,"column":30},"end":{"line":181,"column":68}},"type":"binary-expr","locations":[{"start":{"line":181,"column":30},"end":{"line":181,"column":44}},{"start":{"line":181,"column":48},"end":{"line":181,"column":68}}],"line":181},"1":{"loc":{"start":{"line":203,"column":8},"end":{"line":287,"column":9}},"type":"switch","locations":[{"start":{"line":204,"column":12},"end":{"line":204,"column":39}},{"start":{"line":205,"column":12},"end":{"line":219,"column":18}},{"start":{"line":221,"column":12},"end":{"line":230,"column":18}},{"start":{"line":232,"column":12},"end":{"line":241,"column":18}},{"start":{"line":243,"column":12},"end":{"line":248,"column":18}},{"start":{"line":250,"column":12},"end":{"line":256,"column":18}},{"start":{"line":258,"column":12},"end":{"line":268,"column":18}},{"start":{"line":270,"column":12},"end":{"line":278,"column":18}},{"start":{"line":280,"column":12},"end":{"line":286,"column":18}}],"line":203},"2":{"loc":{"start":{"line":305,"column":16},"end":{"line":307,"column":17}},"type":"if","locations":[{"start":{"line":305,"column":16},"end":{"line":307,"column":17}},{"start":{},"end":{}}],"line":305},"3":{"loc":{"start":{"line":310,"column":63},"end":{"line":310,"column":73}},"type":"binary-expr","locations":[{"start":{"line":310,"column":63},"end":{"line":310,"column":67}},{"start":{"line":310,"column":71},"end":{"line":310,"column":73}}],"line":310},"4":{"loc":{"start":{"line":315,"column":30},"end":{"line":315,"column":99}},"type":"cond-expr","locations":[{"start":{"line":315,"column":59},"end":{"line":315,"column":65}},{"start":{"line":315,"column":68},"end":{"line":315,"column":99}}],"line":315}},"s":{"0":1,"1":1,"2":1,"3":7,"4":7,"5":7,"6":7,"7":7,"8":5,"9":5,"10":1,"11":1,"12":0,"13":0,"14":1,"15":1,"16":1,"17":0,"18":7,"19":0,"20":7,"21":0,"22":0,"23":0,"24":0,"25":0,"26":0,"27":0,"28":0,"29":0,"30":0,"31":0,"32":0,"33":2,"34":1},"f":{"0":7,"1":5,"2":7,"3":0,"4":0,"5":0,"6":0,"7":2},"b":{"0":[7,7],"1":[1,1,1,0,0,1,1,1,0],"2":[0,0],"3":[0,0],"4":[0,0]},"_coverageSchema":"1a1c01bbd47fc00a2c39e90264f33305004495a9","hash":"fb5fe6117395043deabe7252e19ded8192b8605d"}
,"/home/runner/work/Landseek-Amphibian/Landseek-Amphibian/bridge/mcp_servers/email_adapter.js": {"path":"/home/runner/work/Landseek-Amphibian/Landseek-Amphibian/bridge/mcp_servers/email_adapter.js","statementMap":{"0":{"start":{"line":17,"column":19},"end":{"line":17,"column":71}},"1":{"start":{"line":21,"column":4},"end":{"line":21,"column":49}},"2":{"start":{"line":24,"column":20},"end":{"line":296,"column":1}},"3":{"start":{"line":300,"column":8},"end":{"line":300,"column":69}},"4":{"start":{"line":301,"column":8},"end":{"line":311,"column":10}},"5":{"start":{"line":313,"column":8},"end":{"line":313,"column":29}},"6":{"start":{"line":314,"column":8},"end":{"line":314,"column":89}},"7":{"start":{"line":318,"column":22},"end":{"line":478,"column":5}},"8":{"start":{"line":319,"column":8},"end":{"line":319,"column":64}},"9":{"start":{"line":322,"column":8},"end":{"line":477,"column":9}},"10":{"start":{"line":324,"column":16},"end":{"line":352,"column":18}},"11":{"start":{"line":355,"column":16},"end":{"line":373,"column":18}},"12":{"start":{"line":376,"column":16},"end":{"line":381,"column":18}},"13":{"start":{"line":385,"column":16},"end":{"line":390,"column":18}},"14":{"start":{"line":393,"column":16},"end":{"line":406,"column":18}},"15":{"start":{"line":412,"column":16},"end":{"line":416,"column":18}},"16":{"start":{"line":419,"column":16},"end":{"line":429,"column":18}},"17":{"start":{"line":432,"column":16},"end":{"line":436,"column":18}},"18":{"start":{"line":439,"column":16},"end":{"line":444,"column":18}},"19":{"start":{"line":447,"column":16},"end":{"line":452,"column":18}},"20":{"start":{"line":455,"column":16},"end":{"line":468,"column":18}},"21":{"start":{"line":471,"column":16},"end":{"line":476,"column":18}},"22":{"start":{"line":482,"column":8},"end":{"line":484,"column":11}},"23":{"start":{"line":483,"column":12},"end":{"line":483,"column":42}},"24":{"start":{"line":487,"column":8},"end":{"line":518,"column":11}},"25":{"start":{"line":488,"column":46},"end":{"line":488,"column":60}},"26":{"start":{"line":490,"column":12},"end":{"line":490,"column":66}},"27":{"start":{"line":492,"column":12},"end":{"line":517,"column":13}},"28":{"start":{"line":494,"column":32},"end":{"line":494,"column":70}},"29":{"start":{"line":494,"column":54},"end":{"line":494,"column":69}},"30":{"start":{"line":495,"column":16},"end":{"line":497,"column":17}},"31":{"start":{"line":496,"column":20},"end":{"line":496,"column":67}},"32":{"start":{"line":500,"column":31},"end":{"line":500,"column":74}},"33":{"start":{"line":502,"column":16},"end":{"line":507,"column":18}},"34":{"start":{"line":509,"column":16},"end":{"line":509,"column":78}},"35":{"start":{"line":510,"column":16},"end":{"line":516,"column":18}},"36":{"start":{"line":522,"column":8},"end":{"line":522,"column":45}},"37":{"start":{"line":526,"column":8},"end":{"line":526,"column":27}},"38":{"start":{"line":530,"column":0},"end":{"line":530,"column":32}}},"fnMap":{"0":{"name":"(anonymous_0)","decl":{"start":{"line":299,"column":4},"end":{"line":299,"column":5}},"loc":{"start":{"line":299,"column":32},"end":{"line":315,"column":5}},"line":299},"1":{"name":"(anonymous_1)","decl":{"start":{"line":318,"column":22},"end":{"line":318,"column":23}},"loc":{"start":{"line":318,"column":44},"end":{"line":478,"column":5}},"line":318},"2":{"name":"(anonymous_2)","decl":{"start":{"line":480,"column":4},"end":{"line":480,"column":5}},"loc":{"start":{"line":480,"column":20},"end":{"line":519,"column":5}},"line":480},"3":{"name":"(anonymous_3)","decl":{"start":{"line":482,"column":62},"end":{"line":482,"column":63}},"loc":{"start":{"line":482,"column":74},"end":{"line":484,"column":9}},"line":482},"4":{"name":"(anonymous_4)","decl":{"start":{"line":487,"column":61},"end":{"line":487,"column":62}},"loc":{"start":{"line":487,"column":80},"end":{"line":518,"column":9}},"line":487},"5":{"name":"(anonymous_5)","decl":{"start":{"line":494,"column":49},"end":{"line":494,"column":50}},"loc":{"start":{"line":494,"column":54},"end":{"line":494,"column":69}},"line":494},"6":{"name":"(anonymous_6)","decl":{"start":{"line":521,"column":4},"end":{"line":521,"column":5}},"loc":{"start":{"line":521,"column":29},"end":{"line":523,"column":5}},"line":521},"7":{"name":"(anonymous_7)","decl":{"start":{"line":525,"column":4},"end":{"line":525,"column":5}},"loc":{"start":{"line":525,"column":15},"end":{"line":527,"column":5}},"line":525}},"branchMap":{"0":{"loc":{"start":{"line":300,"column":30},"end":{"line":300,"column":68}},"type":"binary-expr","locations":[{"start":{"line":300,"column":30},"end":{"line":300,"column":44}},{"start":{"line":300,"column":48},"end":{"line":300,"column":68}}],"line":300},"1":{"loc":{"start":{"line":322,"column":8},"end":{"line":477,"column":9}},"type":"switch","locations":[{"start":{"line":323,"column":12},"end":{"line":352,"column":18}},{"start":{"line":354,"column":12},"end":{"line":373,"column":18}},{"start":{"line":375,"column":12},"end":{"line":381,"column":18}},{"start":{"line":383,"column":12},"end":{"line":383,"column":31}},{"start":{"line":384,"column":12},"end":{"line":390,"column":18}},{"start":{"line":392,"column":12},"end":{"line":406,"column":18}},{"start":{"line":408,"column":12},"end":{"line":408,"column":30}},{"start":{"line":409,"column":12},"end":{"line":409,"column":32}},{"start":{"line":410,"column":12},"end":{"line":410,"column":35}},{"start":{"line":411,"column":12},"end":{"line":416,"column":18}},{"start":{"line":418,"column":12},"end":{"line":429,"column":18}},{"start":{"line":431,"column":12},"end":{"line":436,"column":18}},{"start":{"line":438,"column":12},"end":{"line":444,"column":18}},{"start":{"line":446,"column":12},"end":{"line":452,"column":18}},{"start":{"line":454,"column":12},"end":{"line":468,"column":18}},{"start":{"line":470,"column":12},"end":{"line":476,"column":18}}],"line":322},"2":{"loc":{"start":{"line":388,"column":38},"end":{"line":388,"column":82}},"type":"cond-expr","locations":[{"start":{"line":388,"column":63},"end":{"line":388,"column":70}},{"start":{"line":388,"column":73},"end":{"line":388,"column":82}}],"line":388},"3":{"loc":{"start":{"line":441,"column":28},"end":{"line":441,"column":50}},"type":"binary-expr","locations":[{"start":{"line":441,"column":28},"end":{"line":441,"column":39}},{"start":{"line":441,"column":43},"end":{"line":441,"column":50}}],"line":441},"4":{"loc":{"start":{"line":495,"column":16},"end":{"line":497,"column":17}},"type":"if","locations":[{"start":{"line":495,"column":16},"end":{"line":497,"column":17}},{"start":{},"end":{}}],"line":495},"5":{"loc":{"start":{"line":500,"column":63},"end":{"line":500,"column":73}},"type":"binary-expr","locations":[{"start":{"line":500,"column":63},"end":{"line":500,"column":67}},{"start":{"line":500,"column":71},"end":{"line":500,"column":73}}],"line":500},"6":{"loc":{"start":{"line":505,"column":30},"end":{"line":505,"column":99}},"type":"cond-expr","locations":[{"start":{"line":505,"column":59},"end":{"line":505,"column":65}},{"start":{"line":505,"column":68},"end":{"line":505,"column":99}}],"line":505}},"s":{"0":1,"1":1,"2":1,"3":10,"4":10,"5":10,"6":10,"7":10,"8":7,"9":7,"10":1,"11":1,"12":1,"13":0,"14":1,"15":0,"16":1,"17":0,"18":1,"19":0,"20":1,"21":0,"22":10,"23":0,"24":10,"25":0,"26":0,"27":0,"28":0,"29":0,"30":0,"31":0,"32":0,"33":0,"34":0,"35":0,"36":0,"37":3,"38":1},"f":{"0":10,"1":7,"2":10,"3":0,"4":0,"5":0,"6":0,"7":3},"b":{"0":[10,10],"1":[1,1,1,0,0,1,0,0,0,0,1,0,1,0,1,0],"2":[0,0],"3":[1,0],"4":[0,0],"5":[0,0],"6":[0,0]},"_coverageSchema":"1a1c01bbd47fc00a2c39e90264f33305004495a9","hash":"768b40cb332cc117a5ba2bcce9a4ab32cab93822"}
}
