TN:
SF:mcp_servers/calendar_adapter.js
FN:180,(anonymous_0)
FN:199,(anonymous_1)
FN:290,(anonymous_2)
FN:292,(anonymous_3)
FN:297,(anonymous_4)
FN:304,(anonymous_5)
FN:331,(anonymous_6)
FN:335,(anonymous_7)
FNF:8
FNH:4
FNDA:7,(anonymous_0)
FNDA:5,(anonymous_1)
FNDA:7,(anonymous_2)
FNDA:0,(anonymous_3)
FNDA:0,(anonymous_4)
FNDA:0,(anonymous_5)
FNDA:0,(anonymous_6)
FNDA:2,(anonymous_7)
DA:16,1
DA:20,1
DA:23,1
DA:181,7
DA:182,7
DA:194,7
DA:195,7
DA:199,7
DA:200,5
DA:203,5
DA:206,1
DA:222,1
DA:233,0
DA:244,0
DA:251,1
DA:259,1
DA:271,1
DA:281,0
DA:292,7
DA:293,0
DA:297,7
DA:298,0
DA:300,0
DA:302,0
DA:304,0
DA:305,0
DA:306,0
DA:310,0
DA:312,0
DA:319,0
DA:320,0
DA:332,0
DA:336,2
DA:340,1
LF:34
LH:19
BRDA:181,0,0,7
BRDA:181,0,1,7
BRDA:203,1,0,1
BRDA:203,1,1,1
BRDA:203,1,2,1
BRDA:203,1,3,0
BRDA:203,1,4,0
BRDA:203,1,5,1
BRDA:203,1,6,1
BRDA:203,1,7,1
BRDA:203,1,8,0
BRDA:305,2,0,0
BRDA:305,2,1,0
BRDA:310,3,0,0
BRDA:310,3,1,0
BRDA:315,4,0,0
BRDA:315,4,1,0
BRF:17
BRH:8
end_of_record
TN:
SF:mcp_servers/email_adapter.js
FN:299,(anonymous_0)
FN:318,(anonymous_1)
FN:480,(anonymous_2)
FN:482,(anonymous_3)
FN:487,(anonymous_4)
FN:494,(anonymous_5)
FN:521,(anonymous_6)
FN:525,(anonymous_7)
FNF:8
FNH:4
FNDA:10,(anonymous_0)
FNDA:7,(anonymous_1)
FNDA:10,(anonymous_2)
FNDA:0,(anonymous_3)
FNDA:0,(anonymous_4)
FNDA:0,(anonymous_5)
FNDA:0,(anonymous_6)
FNDA:3,(anonymous_7)
DA:17,1
DA:21,1
DA:24,1
DA:300,10
DA:301,10
DA:313,10
DA:314,10
DA:318,10
DA:319,7
DA:322,7
DA:324,1
DA:355,1
DA:376,1
DA:385,0
DA:393,1
DA:412,0
DA:419,1
DA:432,0
DA:439,1
DA:447,0
DA:455,1
DA:471,0
DA:482,10
DA:483,0
DA:487,10
DA:488,0
DA:490,0
DA:492,0
DA:494,0
DA:495,0
DA:496,0
DA:500,0
DA:502,0
DA:509,0
DA:510,0
DA:522,0
DA:526,3
DA:530,1
LF:38
LH:21
BRDA:300,0,0,10
BRDA:300,0,1,10
BRDA:322,1,0,1
BRDA:322,1,1,1
BRDA:322,1,2,1
BRDA:322,1,3,0
BRDA:322,1,4,0
BRDA:322,1,5,1
BRDA:322,1,6,0
BRDA:322,1,7,0
BRDA:322,1,8,0
BRDA:322,1,9,0
BRDA:322,1,10,1
BRDA:322,1,11,0
BRDA:322,1,12,1
BRDA:322,1,13,0
BRDA:322,1,14,1
BRDA:322,1,15,0
BRDA:388,2,0,0
BRDA:388,2,1,0
BRDA:441,3,0,1
BRDA:441,3,1,0
BRDA:495,4,0,0
BRDA:495,4,1,0
BRDA:500,5,0,0
BRDA:500,5,1,0
BRDA:505,6,0,0
BRDA:505,6,1,0
BRF:28
BRH:10
end_of_record
